2022-04-20 09:08:15 - r - INFO -Beginning training from epoch:1
2022-04-20 09:09:33 - r - INFO -Epoch   1 | Time    77 | Train Loss 1.5608 | Test Loss 0.001 | Test Error 46.00
2022-04-20 09:10:43 - r - INFO -Epoch   2 | Time    69 | Train Loss 1.3763 | Test Loss 0.001 | Test Error 34.08
2022-04-20 09:11:54 - r - INFO -Epoch   3 | Time    70 | Train Loss 1.2812 | Test Loss 0.001 | Test Error 30.25
2022-04-20 09:13:04 - r - INFO -Epoch   4 | Time    70 | Train Loss 1.2346 | Test Loss 0.001 | Test Error 26.90
2022-04-20 09:14:15 - r - INFO -Epoch   5 | Time    70 | Train Loss 1.1502 | Test Loss 0.001 | Test Error 26.39
2022-04-20 09:15:25 - r - INFO -Epoch   6 | Time    70 | Train Loss 1.1479 | Test Loss 0.001 | Test Error 22.70
2022-04-20 09:16:36 - r - INFO -Epoch   7 | Time    70 | Train Loss 1.1391 | Test Loss 0.001 | Test Error 27.13
2022-04-20 09:17:47 - r - INFO -Epoch   8 | Time    71 | Train Loss 1.1156 | Test Loss 0.001 | Test Error 23.40
2022-04-20 09:18:58 - r - INFO -Epoch   9 | Time    70 | Train Loss 1.1249 | Test Loss 0.001 | Test Error 21.71
2022-04-20 09:20:08 - r - INFO -Epoch  10 | Time    70 | Train Loss 1.0941 | Test Loss 0.001 | Test Error 21.37
2022-04-20 09:21:18 - r - INFO -Epoch  11 | Time    70 | Train Loss 1.1308 | Test Loss 0.001 | Test Error 22.33
2022-04-20 09:22:29 - r - INFO -Epoch  12 | Time    70 | Train Loss 1.0804 | Test Loss 0.001 | Test Error 20.28
2022-04-20 09:23:40 - r - INFO -Epoch  13 | Time    70 | Train Loss 1.0346 | Test Loss 0.001 | Test Error 21.84
2022-04-20 09:24:50 - r - INFO -Epoch  14 | Time    70 | Train Loss 1.0080 | Test Loss 0.001 | Test Error 22.29
2022-04-20 09:26:01 - r - INFO -Epoch  15 | Time    70 | Train Loss 1.0456 | Test Loss 0.001 | Test Error 22.74
2022-04-20 09:27:11 - r - INFO -Epoch  16 | Time    69 | Train Loss 1.1180 | Test Loss 0.001 | Test Error 20.32
2022-04-20 09:28:21 - r - INFO -Epoch  17 | Time    70 | Train Loss 1.0753 | Test Loss 0.001 | Test Error 22.29
2022-04-20 09:29:31 - r - INFO -Epoch  18 | Time    69 | Train Loss 0.9953 | Test Loss 0.001 | Test Error 22.59
2022-04-20 09:30:41 - r - INFO -Epoch  19 | Time    69 | Train Loss 0.9505 | Test Loss 0.001 | Test Error 20.90
2022-04-20 09:31:50 - r - INFO -Epoch  20 | Time    69 | Train Loss 1.0182 | Test Loss 0.001 | Test Error 20.83
2022-04-20 09:33:00 - r - INFO -Epoch  21 | Time    69 | Train Loss 0.9827 | Test Loss 0.001 | Test Error 20.41
2022-04-20 09:34:11 - r - INFO -Epoch  22 | Time    70 | Train Loss 0.9898 | Test Loss 0.001 | Test Error 20.76
2022-04-20 09:35:21 - r - INFO -Epoch  23 | Time    70 | Train Loss 1.0173 | Test Loss 0.001 | Test Error 21.30
2022-04-20 09:36:32 - r - INFO -Epoch  24 | Time    70 | Train Loss 0.9946 | Test Loss 0.001 | Test Error 20.48
2022-04-20 09:37:43 - r - INFO -Epoch  25 | Time    70 | Train Loss 0.9722 | Test Loss 0.001 | Test Error 19.84
2022-04-20 09:38:53 - r - INFO -Epoch  26 | Time    70 | Train Loss 0.9667 | Test Loss 0.001 | Test Error 19.85
2022-04-20 09:40:05 - r - INFO -Epoch  27 | Time    71 | Train Loss 1.0415 | Test Loss 0.001 | Test Error 18.46
2022-04-20 09:41:16 - r - INFO -Epoch  28 | Time    70 | Train Loss 1.0061 | Test Loss 0.001 | Test Error 19.15
2022-04-20 09:42:26 - r - INFO -Epoch  29 | Time    70 | Train Loss 1.0488 | Test Loss 0.001 | Test Error 19.56
2022-04-20 09:43:37 - r - INFO -Epoch  30 | Time    70 | Train Loss 1.0421 | Test Loss 0.001 | Test Error 17.80
2022-04-20 09:44:48 - r - INFO -Epoch  31 | Time    70 | Train Loss 1.0276 | Test Loss 0.001 | Test Error 21.47
2022-04-20 09:45:58 - r - INFO -Epoch  32 | Time    70 | Train Loss 0.9703 | Test Loss 0.001 | Test Error 19.77
2022-04-20 09:47:08 - r - INFO -Epoch  33 | Time    70 | Train Loss 0.9635 | Test Loss 0.001 | Test Error 17.15
2022-04-20 09:48:19 - r - INFO -Epoch  34 | Time    70 | Train Loss 1.0001 | Test Loss 0.001 | Test Error 18.26
2022-04-20 09:49:29 - r - INFO -Epoch  35 | Time    70 | Train Loss 0.9261 | Test Loss 0.001 | Test Error 17.50
2022-04-20 09:50:40 - r - INFO -Epoch  36 | Time    70 | Train Loss 0.9446 | Test Loss 0.001 | Test Error 19.97
2022-04-20 09:51:50 - r - INFO -Epoch  37 | Time    70 | Train Loss 0.9499 | Test Loss 0.001 | Test Error 20.20
2022-04-20 09:53:03 - r - INFO -Epoch  38 | Time    72 | Train Loss 0.9722 | Test Loss 0.001 | Test Error 19.37
2022-04-20 09:54:14 - r - INFO -Epoch  39 | Time    70 | Train Loss 0.8961 | Test Loss 0.001 | Test Error 19.54
2022-04-20 09:55:24 - r - INFO -Epoch  40 | Time    70 | Train Loss 1.0064 | Test Loss 0.001 | Test Error 19.47
2022-04-20 09:56:35 - r - INFO -Epoch  41 | Time    70 | Train Loss 0.9786 | Test Loss 0.001 | Test Error 17.46
2022-04-20 09:57:45 - r - INFO -Epoch  42 | Time    70 | Train Loss 0.9025 | Test Loss 0.001 | Test Error 16.38
2022-04-20 09:58:56 - r - INFO -Epoch  43 | Time    70 | Train Loss 0.8860 | Test Loss 0.001 | Test Error 17.27
2022-04-20 10:00:06 - r - INFO -Epoch  44 | Time    70 | Train Loss 0.9484 | Test Loss 0.001 | Test Error 18.07
2022-04-20 10:01:16 - r - INFO -Epoch  45 | Time    70 | Train Loss 0.9313 | Test Loss 0.001 | Test Error 16.54
2022-04-20 10:02:28 - r - INFO -Epoch  46 | Time    71 | Train Loss 0.9245 | Test Loss 0.001 | Test Error 16.91
2022-04-20 10:03:38 - r - INFO -Epoch  47 | Time    70 | Train Loss 0.9076 | Test Loss 0.001 | Test Error 18.47
2022-04-20 10:04:49 - r - INFO -Epoch  48 | Time    70 | Train Loss 0.9694 | Test Loss 0.001 | Test Error 16.47
2022-04-20 10:05:59 - r - INFO -Epoch  49 | Time    70 | Train Loss 0.8853 | Test Loss 0.000 | Test Error 16.06
2022-04-20 10:07:10 - r - INFO -Epoch  50 | Time    70 | Train Loss 0.8606 | Test Loss 0.001 | Test Error 18.15
2022-04-20 10:08:21 - r - INFO -Epoch  51 | Time    70 | Train Loss 0.8343 | Test Loss 0.001 | Test Error 17.16
2022-04-20 10:09:31 - r - INFO -Epoch  52 | Time    70 | Train Loss 0.9838 | Test Loss 0.001 | Test Error 16.42
2022-04-20 10:10:42 - r - INFO -Epoch  53 | Time    70 | Train Loss 0.8696 | Test Loss 0.000 | Test Error 15.69
2022-04-20 10:11:53 - r - INFO -Epoch  54 | Time    70 | Train Loss 0.8830 | Test Loss 0.000 | Test Error 16.16
2022-04-20 10:13:03 - r - INFO -Epoch  55 | Time    70 | Train Loss 0.8220 | Test Loss 0.000 | Test Error 16.60
2022-04-20 10:14:14 - r - INFO -Epoch  56 | Time    70 | Train Loss 0.8020 | Test Loss 0.001 | Test Error 17.29
2022-04-20 10:15:25 - r - INFO -Epoch  57 | Time    70 | Train Loss 0.8158 | Test Loss 0.000 | Test Error 15.40
2022-04-20 10:16:35 - r - INFO -Epoch  58 | Time    70 | Train Loss 0.8247 | Test Loss 0.000 | Test Error 14.26
2022-04-20 10:17:46 - r - INFO -Epoch  59 | Time    70 | Train Loss 0.8823 | Test Loss 0.000 | Test Error 15.09
2022-04-20 10:18:56 - r - INFO -Epoch  60 | Time    70 | Train Loss 0.7676 | Test Loss 0.000 | Test Error 14.74
2022-04-20 10:20:07 - r - INFO -Epoch  61 | Time    70 | Train Loss 0.8454 | Test Loss 0.000 | Test Error 14.58
2022-04-20 10:21:17 - r - INFO -Epoch  62 | Time    70 | Train Loss 0.8663 | Test Loss 0.000 | Test Error 14.19
2022-04-20 10:22:28 - r - INFO -Epoch  63 | Time    70 | Train Loss 0.8520 | Test Loss 0.000 | Test Error 13.46
2022-04-20 10:23:39 - r - INFO -Epoch  64 | Time    70 | Train Loss 0.8122 | Test Loss 0.000 | Test Error 13.76
2022-04-20 10:24:49 - r - INFO -Epoch  65 | Time    70 | Train Loss 0.8419 | Test Loss 0.000 | Test Error 15.66
2022-04-20 10:26:00 - r - INFO -Epoch  66 | Time    70 | Train Loss 0.7893 | Test Loss 0.000 | Test Error 13.25
2022-04-20 10:27:10 - r - INFO -Epoch  67 | Time    70 | Train Loss 0.8048 | Test Loss 0.000 | Test Error 12.79
2022-04-20 10:28:21 - r - INFO -Epoch  68 | Time    70 | Train Loss 0.8206 | Test Loss 0.000 | Test Error 13.26
2022-04-20 10:29:31 - r - INFO -Epoch  69 | Time    70 | Train Loss 0.7771 | Test Loss 0.000 | Test Error 12.46
2022-04-20 10:30:43 - r - INFO -Epoch  70 | Time    71 | Train Loss 0.7402 | Test Loss 0.000 | Test Error 12.87
2022-04-20 10:31:53 - r - INFO -Epoch  71 | Time    70 | Train Loss 0.7278 | Test Loss 0.000 | Test Error 11.47
2022-04-20 10:33:04 - r - INFO -Epoch  72 | Time    70 | Train Loss 0.7401 | Test Loss 0.000 | Test Error 11.73
2022-04-20 10:34:15 - r - INFO -Epoch  73 | Time    70 | Train Loss 0.7161 | Test Loss 0.000 | Test Error 12.67
2022-04-20 10:35:26 - r - INFO -Epoch  74 | Time    70 | Train Loss 0.6946 | Test Loss 0.000 | Test Error 11.93
2022-04-20 10:36:36 - r - INFO -Epoch  75 | Time    70 | Train Loss 0.7104 | Test Loss 0.000 | Test Error 11.00
2022-04-20 10:37:47 - r - INFO -Epoch  76 | Time    70 | Train Loss 0.7673 | Test Loss 0.000 | Test Error 11.17
2022-04-20 10:38:57 - r - INFO -Epoch  77 | Time    70 | Train Loss 0.6785 | Test Loss 0.000 | Test Error 12.69
2022-04-20 10:40:08 - r - INFO -Epoch  78 | Time    70 | Train Loss 0.7220 | Test Loss 0.000 | Test Error 10.42
2022-04-20 10:41:18 - r - INFO -Epoch  79 | Time    69 | Train Loss 0.6977 | Test Loss 0.000 | Test Error 10.63
2022-04-20 10:42:29 - r - INFO -Epoch  80 | Time    70 | Train Loss 0.6255 | Test Loss 0.000 | Test Error 10.28
2022-04-20 10:43:40 - r - INFO -Epoch  81 | Time    71 | Train Loss 0.6457 | Test Loss 0.000 | Test Error 11.55
2022-04-20 10:44:51 - r - INFO -Epoch  82 | Time    71 | Train Loss 0.6294 | Test Loss 0.000 | Test Error 9.66
2022-04-20 10:46:02 - r - INFO -Epoch  83 | Time    71 | Train Loss 0.6163 | Test Loss 0.000 | Test Error 9.57
2022-04-20 10:47:12 - r - INFO -Epoch  84 | Time    70 | Train Loss 0.6468 | Test Loss 0.000 | Test Error 9.62
2022-04-20 10:48:23 - r - INFO -Epoch  85 | Time    70 | Train Loss 0.6532 | Test Loss 0.000 | Test Error 9.56
2022-04-20 10:49:34 - r - INFO -Epoch  86 | Time    71 | Train Loss 0.6025 | Test Loss 0.000 | Test Error 8.80
2022-04-20 10:50:44 - r - INFO -Epoch  87 | Time    70 | Train Loss 0.6145 | Test Loss 0.000 | Test Error 9.30
2022-04-20 10:51:55 - r - INFO -Epoch  88 | Time    70 | Train Loss 0.6018 | Test Loss 0.000 | Test Error 8.93
2022-04-20 10:53:06 - r - INFO -Epoch  89 | Time    70 | Train Loss 0.5832 | Test Loss 0.000 | Test Error 8.54
2022-04-20 10:54:17 - r - INFO -Epoch  90 | Time    71 | Train Loss 0.5556 | Test Loss 0.000 | Test Error 8.20
2022-04-20 10:55:28 - r - INFO -Epoch  91 | Time    70 | Train Loss 0.5144 | Test Loss 0.000 | Test Error 7.77
2022-04-20 10:56:39 - r - INFO -Epoch  92 | Time    71 | Train Loss 0.5945 | Test Loss 0.000 | Test Error 8.15
2022-04-20 10:57:49 - r - INFO -Epoch  93 | Time    70 | Train Loss 0.5541 | Test Loss 0.000 | Test Error 8.06
2022-04-20 10:59:01 - r - INFO -Epoch  94 | Time    71 | Train Loss 0.5415 | Test Loss 0.000 | Test Error 7.75
2022-04-20 11:00:12 - r - INFO -Epoch  95 | Time    71 | Train Loss 0.5269 | Test Loss 0.000 | Test Error 8.45
2022-04-20 11:01:23 - r - INFO -Epoch  96 | Time    71 | Train Loss 0.5234 | Test Loss 0.000 | Test Error 7.55
2022-04-20 11:02:34 - r - INFO -Epoch  97 | Time    70 | Train Loss 0.5145 | Test Loss 0.000 | Test Error 7.80
2022-04-20 11:03:45 - r - INFO -Epoch  98 | Time    70 | Train Loss 0.5320 | Test Loss 0.000 | Test Error 7.86
2022-04-20 11:04:56 - r - INFO -Epoch  99 | Time    70 | Train Loss 0.5391 | Test Loss 0.000 | Test Error 7.91
2022-04-20 11:06:06 - r - INFO -Epoch 100 | Time    70 | Train Loss 0.5185 | Test Loss 0.000 | Test Error 7.77
2022-04-20 11:06:10 - r - INFO -defocus_blur * Acc@1 90.158 Acc@5 99.696
2022-04-20 11:06:14 - r - INFO -glass_blur * Acc@1 79.296 Acc@5 98.820
2022-04-20 11:06:18 - r - INFO -motion_blur * Acc@1 87.868 Acc@5 99.542
2022-04-20 11:06:22 - r - INFO -zoom_blur * Acc@1 89.482 Acc@5 99.584
2022-04-20 11:06:26 - r - INFO -contrast * Acc@1 83.596 Acc@5 98.710
2022-04-20 11:06:30 - r - INFO -elastic_transform * Acc@1 87.964 Acc@5 99.522
2022-04-20 11:06:34 - r - INFO -jpeg_compression * Acc@1 85.542 Acc@5 99.412
2022-04-20 11:06:38 - r - INFO -pixelate * Acc@1 88.400 Acc@5 99.556
2022-04-20 11:06:42 - r - INFO -gaussian_noise * Acc@1 82.548 Acc@5 98.896
2022-04-20 11:06:46 - r - INFO -impulse_noise * Acc@1 82.118 Acc@5 98.876
2022-04-20 11:06:49 - r - INFO -shot_noise * Acc@1 85.510 Acc@5 99.232
2022-04-20 11:06:53 - r - INFO -brightness * Acc@1 91.664 Acc@5 99.794
2022-04-20 11:06:57 - r - INFO -fog * Acc@1 87.018 Acc@5 99.346
2022-04-20 11:07:01 - r - INFO -frost * Acc@1 87.302 Acc@5 99.494
2022-04-20 11:07:05 - r - INFO -snow * Acc@1 86.612 Acc@5 99.430
2022-04-20 11:07:09 - r - INFO -gaussian_blur * Acc@1 89.032 Acc@5 99.620
2022-04-20 11:07:13 - r - INFO -saturate * Acc@1 87.932 Acc@5 99.482
2022-04-20 11:07:17 - r - INFO -spatter * Acc@1 88.942 Acc@5 99.622
2022-04-20 11:07:21 - r - INFO -speckle_noise * Acc@1 86.214 Acc@5 99.310
2022-04-20 11:07:21 - r - INFO -Corruption 15* Acc@1 86.693 Acc@5 99.353
2022-04-20 11:07:21 - r - INFO -C_Acc1: 86.695, C_Acc5: 99.365

my_contrast+my_impulse